This is pdfTeX, Version 3.141592653-2.6-1.40.25 (TeX Live 2023/Arch Linux) (preloaded format=pdflatex 2023.4.12)  22 MAY 2023 12:03
entering extended mode
 restricted \write18 enabled.
 file:line:error style messages enabled.
 %&-line parsing enabled.
**/home/brewerc/workload_jinja/workload.tex
(/home/brewerc/workload_jinja/workload.tex
LaTeX2e <2022-11-01> patch level 1
L3 programming layer <2023-02-22> (/usr/share/texmf-dist/tex/latex/base/article.cls
Document Class: article 2022/07/02 v1.4n Standard LaTeX document class
(/usr/share/texmf-dist/tex/latex/base/size12.clo
File: size12.clo 2022/07/02 v1.4n Standard LaTeX file (size option)
)
\c@part=\count185
\c@section=\count186
\c@subsection=\count187
\c@subsubsection=\count188
\c@paragraph=\count189
\c@subparagraph=\count190
\c@figure=\count191
\c@table=\count192
\abovecaptionskip=\skip48
\belowcaptionskip=\skip49
\bibindent=\dimen140
) (/usr/share/texmf-dist/tex/latex/fancyhdr/fancyhdr.sty
Package: fancyhdr 2022/11/09 v4.1 Extensive control of page headers and footers
\f@nch@headwidth=\skip50
\f@nch@O@elh=\skip51
\f@nch@O@erh=\skip52
\f@nch@O@olh=\skip53
\f@nch@O@orh=\skip54
\f@nch@O@elf=\skip55
\f@nch@O@erf=\skip56
\f@nch@O@olf=\skip57
\f@nch@O@orf=\skip58
) (/usr/share/texmf-dist/tex/latex/geometry/geometry.sty
Package: geometry 2020/01/02 v5.9 Page Geometry
 (/usr/share/texmf-dist/tex/latex/graphics/keyval.sty
Package: keyval 2022/05/29 v1.15 key=value parser (DPC)
\KV@toks@=\toks16
) (/usr/share/texmf-dist/tex/generic/iftex/ifvtex.sty
Package: ifvtex 2019/10/25 v1.7 ifvtex legacy package. Use iftex instead.
 (/usr/share/texmf-dist/tex/generic/iftex/iftex.sty
Package: iftex 2022/02/03 v1.0f TeX engine tests
))
\Gm@cnth=\count193
\Gm@cntv=\count194
\c@Gm@tempcnt=\count195
\Gm@bindingoffset=\dimen141
\Gm@wd@mp=\dimen142
\Gm@odd@mp=\dimen143
\Gm@even@mp=\dimen144
\Gm@layoutwidth=\dimen145
\Gm@layoutheight=\dimen146
\Gm@layouthoffset=\dimen147
\Gm@layoutvoffset=\dimen148
\Gm@dimlist=\toks17
) (/usr/share/texmf-dist/tex/latex/pgfplots/pgfplots.sty (/usr/share/texmf-dist/tex/generic/pgfplots/pgfplots.revision.tex)
Package: pgfplots 2021/05/15 v1.18.1 Data Visualization (1.18.1)
 (/usr/share/texmf-dist/tex/latex/graphics/graphicx.sty
Package: graphicx 2021/09/16 v1.2d Enhanced LaTeX Graphics (DPC,SPQR)
 (/usr/share/texmf-dist/tex/latex/graphics/graphics.sty
Package: graphics 2022/03/10 v1.4e Standard LaTeX Graphics (DPC,SPQR)
 (/usr/share/texmf-dist/tex/latex/graphics/trig.sty
Package: trig 2021/08/11 v1.11 sin cos tan (DPC)
) (/usr/share/texmf-dist/tex/latex/graphics-cfg/graphics.cfg
File: graphics.cfg 2016/06/04 v1.11 sample graphics configuration
)
Package graphics Info: Driver file: pdftex.def on input line 107.
 (/usr/share/texmf-dist/tex/latex/graphics-def/pdftex.def
File: pdftex.def 2022/09/22 v1.2b Graphics/color driver for pdftex
))
\Gin@req@height=\dimen149
\Gin@req@width=\dimen150
) (/usr/share/texmf-dist/tex/latex/pgf/frontendlayer/tikz.sty (/usr/share/texmf-dist/tex/latex/pgf/basiclayer/pgf.sty (/usr/share/texmf-dist/tex/latex/pgf/utilities/pgfrcs.sty (/usr/share/texmf-dist/tex/generic/pgf/utilities/pgfutil-common.tex
\pgfutil@everybye=\toks18
\pgfutil@tempdima=\dimen151
\pgfutil@tempdimb=\dimen152
) (/usr/share/texmf-dist/tex/generic/pgf/utilities/pgfutil-latex.def
\pgfutil@abb=\box51
) (/usr/share/texmf-dist/tex/generic/pgf/utilities/pgfrcs.code.tex (/usr/share/texmf-dist/tex/generic/pgf/pgf.revision.tex)
Package: pgfrcs 2023-01-15 v3.1.10 (3.1.10)
))
Package: pgf 2023-01-15 v3.1.10 (3.1.10)
 (/usr/share/texmf-dist/tex/latex/pgf/basiclayer/pgfcore.sty (/usr/share/texmf-dist/tex/latex/pgf/systemlayer/pgfsys.sty (/usr/share/texmf-dist/tex/generic/pgf/systemlayer/pgfsys.code.tex
Package: pgfsys 2023-01-15 v3.1.10 (3.1.10)
 (/usr/share/texmf-dist/tex/generic/pgf/utilities/pgfkeys.code.tex
\pgfkeys@pathtoks=\toks19
\pgfkeys@temptoks=\toks20
 (/usr/share/texmf-dist/tex/generic/pgf/utilities/pgfkeyslibraryfiltered.code.tex
\pgfkeys@tmptoks=\toks21
))
\pgf@x=\dimen153
\pgf@y=\dimen154
\pgf@xa=\dimen155
\pgf@ya=\dimen156
\pgf@xb=\dimen157
\pgf@yb=\dimen158
\pgf@xc=\dimen159
\pgf@yc=\dimen160
\pgf@xd=\dimen161
\pgf@yd=\dimen162
\w@pgf@writea=\write3
\r@pgf@reada=\read2
\c@pgf@counta=\count196
\c@pgf@countb=\count197
\c@pgf@countc=\count198
\c@pgf@countd=\count199
\t@pgf@toka=\toks22
\t@pgf@tokb=\toks23
\t@pgf@tokc=\toks24
\pgf@sys@id@count=\count266
 (/usr/share/texmf-dist/tex/generic/pgf/systemlayer/pgf.cfg
File: pgf.cfg 2023-01-15 v3.1.10 (3.1.10)
)
Driver file for pgf: pgfsys-pdftex.def
 (/usr/share/texmf-dist/tex/generic/pgf/systemlayer/pgfsys-pdftex.def
File: pgfsys-pdftex.def 2023-01-15 v3.1.10 (3.1.10)
 (/usr/share/texmf-dist/tex/generic/pgf/systemlayer/pgfsys-common-pdf.def
File: pgfsys-common-pdf.def 2023-01-15 v3.1.10 (3.1.10)
))) (/usr/share/texmf-dist/tex/generic/pgf/systemlayer/pgfsyssoftpath.code.tex
File: pgfsyssoftpath.code.tex 2023-01-15 v3.1.10 (3.1.10)
\pgfsyssoftpath@smallbuffer@items=\count267
\pgfsyssoftpath@bigbuffer@items=\count268
) (/usr/share/texmf-dist/tex/generic/pgf/systemlayer/pgfsysprotocol.code.tex
File: pgfsysprotocol.code.tex 2023-01-15 v3.1.10 (3.1.10)
)) (/usr/share/texmf-dist/tex/latex/xcolor/xcolor.sty
Package: xcolor 2022/06/12 v2.14 LaTeX color extensions (UK)
 (/usr/share/texmf-dist/tex/latex/graphics-cfg/color.cfg
File: color.cfg 2016/01/02 v1.6 sample color configuration
)
Package xcolor Info: Driver file: pdftex.def on input line 227.
 (/usr/share/texmf-dist/tex/latex/graphics/mathcolor.ltx)
Package xcolor Info: Model `cmy' substituted by `cmy0' on input line 1353.
Package xcolor Info: Model `hsb' substituted by `rgb' on input line 1357.
Package xcolor Info: Model `RGB' extended on input line 1369.
Package xcolor Info: Model `HTML' substituted by `rgb' on input line 1371.
Package xcolor Info: Model `Hsb' substituted by `hsb' on input line 1372.
Package xcolor Info: Model `tHsb' substituted by `hsb' on input line 1373.
Package xcolor Info: Model `HSB' substituted by `hsb' on input line 1374.
Package xcolor Info: Model `Gray' substituted by `gray' on input line 1375.
Package xcolor Info: Model `wave' substituted by `hsb' on input line 1376.
) (/usr/share/texmf-dist/tex/generic/pgf/basiclayer/pgfcore.code.tex
Package: pgfcore 2023-01-15 v3.1.10 (3.1.10)
 (/usr/share/texmf-dist/tex/generic/pgf/math/pgfmath.code.tex (/usr/share/texmf-dist/tex/generic/pgf/math/pgfmathutil.code.tex) (/usr/share/texmf-dist/tex/generic/pgf/math/pgfmathparser.code.tex
\pgfmath@dimen=\dimen163
\pgfmath@count=\count269
\pgfmath@box=\box52
\pgfmath@toks=\toks25
\pgfmath@stack@operand=\toks26
\pgfmath@stack@operation=\toks27
) (/usr/share/texmf-dist/tex/generic/pgf/math/pgfmathfunctions.code.tex) (/usr/share/texmf-dist/tex/generic/pgf/math/pgfmathfunctions.basic.code.tex) (/usr/share/texmf-dist/tex/generic/pgf/math/pgfmathfunctions.trigonometric.code.tex) (/usr/share/texmf-dist/tex/generic/pgf/math/pgfmathfunctions.random.code.tex) (/usr/share/texmf-dist/tex/generic/pgf/math/pgfmathfunctions.comparison.code.tex) (/usr/share/texmf-dist/tex/generic/pgf/math/pgfmathfunctions.base.code.tex) (/usr/share/texmf-dist/tex/generic/pgf/math/pgfmathfunctions.round.code.tex) (/usr/share/texmf-dist/tex/generic/pgf/math/pgfmathfunctions.misc.code.tex) (/usr/share/texmf-dist/tex/generic/pgf/math/pgfmathfunctions.integerarithmetics.code.tex) (/usr/share/texmf-dist/tex/generic/pgf/math/pgfmathcalc.code.tex) (/usr/share/texmf-dist/tex/generic/pgf/math/pgfmathfloat.code.tex
\c@pgfmathroundto@lastzeros=\count270
)) (/usr/share/texmf-dist/tex/generic/pgf/math/pgfint.code.tex) (/usr/share/texmf-dist/tex/generic/pgf/basiclayer/pgfcorepoints.code.tex
File: pgfcorepoints.code.tex 2023-01-15 v3.1.10 (3.1.10)
\pgf@picminx=\dimen164
\pgf@picmaxx=\dimen165
\pgf@picminy=\dimen166
\pgf@picmaxy=\dimen167
\pgf@pathminx=\dimen168
\pgf@pathmaxx=\dimen169
\pgf@pathminy=\dimen170
\pgf@pathmaxy=\dimen171
\pgf@xx=\dimen172
\pgf@xy=\dimen173
\pgf@yx=\dimen174
\pgf@yy=\dimen175
\pgf@zx=\dimen176
\pgf@zy=\dimen177
) (/usr/share/texmf-dist/tex/generic/pgf/basiclayer/pgfcorepathconstruct.code.tex
File: pgfcorepathconstruct.code.tex 2023-01-15 v3.1.10 (3.1.10)
\pgf@path@lastx=\dimen178
\pgf@path@lasty=\dimen179
) (/usr/share/texmf-dist/tex/generic/pgf/basiclayer/pgfcorepathusage.code.tex
File: pgfcorepathusage.code.tex 2023-01-15 v3.1.10 (3.1.10)
\pgf@shorten@end@additional=\dimen180
\pgf@shorten@start@additional=\dimen181
) (/usr/share/texmf-dist/tex/generic/pgf/basiclayer/pgfcorescopes.code.tex
File: pgfcorescopes.code.tex 2023-01-15 v3.1.10 (3.1.10)
\pgfpic=\box53
\pgf@hbox=\box54
\pgf@layerbox@main=\box55
\pgf@picture@serial@count=\count271
) (/usr/share/texmf-dist/tex/generic/pgf/basiclayer/pgfcoregraphicstate.code.tex
File: pgfcoregraphicstate.code.tex 2023-01-15 v3.1.10 (3.1.10)
\pgflinewidth=\dimen182
) (/usr/share/texmf-dist/tex/generic/pgf/basiclayer/pgfcoretransformations.code.tex
File: pgfcoretransformations.code.tex 2023-01-15 v3.1.10 (3.1.10)
\pgf@pt@x=\dimen183
\pgf@pt@y=\dimen184
\pgf@pt@temp=\dimen185
) (/usr/share/texmf-dist/tex/generic/pgf/basiclayer/pgfcorequick.code.tex
File: pgfcorequick.code.tex 2023-01-15 v3.1.10 (3.1.10)
) (/usr/share/texmf-dist/tex/generic/pgf/basiclayer/pgfcoreobjects.code.tex
File: pgfcoreobjects.code.tex 2023-01-15 v3.1.10 (3.1.10)
) (/usr/share/texmf-dist/tex/generic/pgf/basiclayer/pgfcorepathprocessing.code.tex
File: pgfcorepathprocessing.code.tex 2023-01-15 v3.1.10 (3.1.10)
) (/usr/share/texmf-dist/tex/generic/pgf/basiclayer/pgfcorearrows.code.tex
File: pgfcorearrows.code.tex 2023-01-15 v3.1.10 (3.1.10)
\pgfarrowsep=\dimen186
) (/usr/share/texmf-dist/tex/generic/pgf/basiclayer/pgfcoreshade.code.tex
File: pgfcoreshade.code.tex 2023-01-15 v3.1.10 (3.1.10)
\pgf@max=\dimen187
\pgf@sys@shading@range@num=\count272
\pgf@shadingcount=\count273
) (/usr/share/texmf-dist/tex/generic/pgf/basiclayer/pgfcoreimage.code.tex
File: pgfcoreimage.code.tex 2023-01-15 v3.1.10 (3.1.10)
) (/usr/share/texmf-dist/tex/generic/pgf/basiclayer/pgfcoreexternal.code.tex
File: pgfcoreexternal.code.tex 2023-01-15 v3.1.10 (3.1.10)
\pgfexternal@startupbox=\box56
) (/usr/share/texmf-dist/tex/generic/pgf/basiclayer/pgfcorelayers.code.tex
File: pgfcorelayers.code.tex 2023-01-15 v3.1.10 (3.1.10)
) (/usr/share/texmf-dist/tex/generic/pgf/basiclayer/pgfcoretransparency.code.tex
File: pgfcoretransparency.code.tex 2023-01-15 v3.1.10 (3.1.10)
) (/usr/share/texmf-dist/tex/generic/pgf/basiclayer/pgfcorepatterns.code.tex
File: pgfcorepatterns.code.tex 2023-01-15 v3.1.10 (3.1.10)
) (/usr/share/texmf-dist/tex/generic/pgf/basiclayer/pgfcorerdf.code.tex
File: pgfcorerdf.code.tex 2023-01-15 v3.1.10 (3.1.10)
))) (/usr/share/texmf-dist/tex/generic/pgf/modules/pgfmoduleshapes.code.tex
File: pgfmoduleshapes.code.tex 2023-01-15 v3.1.10 (3.1.10)
\pgfnodeparttextbox=\box57
) (/usr/share/texmf-dist/tex/generic/pgf/modules/pgfmoduleplot.code.tex
File: pgfmoduleplot.code.tex 2023-01-15 v3.1.10 (3.1.10)
) (/usr/share/texmf-dist/tex/latex/pgf/compatibility/pgfcomp-version-0-65.sty
Package: pgfcomp-version-0-65 2023-01-15 v3.1.10 (3.1.10)
\pgf@nodesepstart=\dimen188
\pgf@nodesepend=\dimen189
) (/usr/share/texmf-dist/tex/latex/pgf/compatibility/pgfcomp-version-1-18.sty
Package: pgfcomp-version-1-18 2023-01-15 v3.1.10 (3.1.10)
)) (/usr/share/texmf-dist/tex/latex/pgf/utilities/pgffor.sty (/usr/share/texmf-dist/tex/latex/pgf/utilities/pgfkeys.sty (/usr/share/texmf-dist/tex/generic/pgf/utilities/pgfkeys.code.tex)) (/usr/share/texmf-dist/tex/latex/pgf/math/pgfmath.sty (/usr/share/texmf-dist/tex/generic/pgf/math/pgfmath.code.tex)) (/usr/share/texmf-dist/tex/generic/pgf/utilities/pgffor.code.tex
Package: pgffor 2023-01-15 v3.1.10 (3.1.10)
\pgffor@iter=\dimen190
\pgffor@skip=\dimen191
\pgffor@stack=\toks28
\pgffor@toks=\toks29
)) (/usr/share/texmf-dist/tex/generic/pgf/frontendlayer/tikz/tikz.code.tex
Package: tikz 2023-01-15 v3.1.10 (3.1.10)
 (/usr/share/texmf-dist/tex/generic/pgf/libraries/pgflibraryplothandlers.code.tex
File: pgflibraryplothandlers.code.tex 2023-01-15 v3.1.10 (3.1.10)
\pgf@plot@mark@count=\count274
\pgfplotmarksize=\dimen192
)
\tikz@lastx=\dimen193
\tikz@lasty=\dimen194
\tikz@lastxsaved=\dimen195
\tikz@lastysaved=\dimen196
\tikz@lastmovetox=\dimen197
\tikz@lastmovetoy=\dimen198
\tikzleveldistance=\dimen199
\tikzsiblingdistance=\dimen256
\tikz@figbox=\box58
\tikz@figbox@bg=\box59
\tikz@tempbox=\box60
\tikz@tempbox@bg=\box61
\tikztreelevel=\count275
\tikznumberofchildren=\count276
\tikznumberofcurrentchild=\count277
\tikz@fig@count=\count278
 (/usr/share/texmf-dist/tex/generic/pgf/modules/pgfmodulematrix.code.tex
File: pgfmodulematrix.code.tex 2023-01-15 v3.1.10 (3.1.10)
\pgfmatrixcurrentrow=\count279
\pgfmatrixcurrentcolumn=\count280
\pgf@matrix@numberofcolumns=\count281
)
\tikz@expandcount=\count282
 (/usr/share/texmf-dist/tex/generic/pgf/frontendlayer/tikz/libraries/tikzlibrarytopaths.code.tex
File: tikzlibrarytopaths.code.tex 2023-01-15 v3.1.10 (3.1.10)
))) (/usr/share/texmf-dist/tex/generic/pgfplots/pgfplots.code.tex (/usr/share/texmf-dist/tex/generic/pgfplots/pgfplotscore.code.tex
\t@pgfplots@toka=\toks30
\t@pgfplots@tokb=\toks31
\t@pgfplots@tokc=\toks32
\pgfplots@tmpa=\dimen257
\c@pgfplots@coordindex=\count283
\c@pgfplots@scanlineindex=\count284
 (/usr/share/texmf-dist/tex/generic/pgfplots/sys/pgfplotssysgeneric.code.tex)) (/usr/share/texmf-dist/tex/generic/pgfplots/libs/pgfplotslibrary.code.tex) (/usr/share/texmf-dist/tex/generic/pgfplots/oldpgfcompatib/pgfplotsoldpgfsupp_loader.code.tex (/usr/share/texmf-dist/tex/generic/pgf/libraries/pgflibraryfpu.code.tex)
Package pgfplots: loading complementary utilities for your pgf version...
\t@pgf@toka=\toks33
\t@pgf@tokb=\toks34
\t@pgf@tokc=\toks35
(/usr/share/texmf-dist/tex/generic/pgfplots/oldpgfcompatib/pgfplotsoldpgfsupp_pgfutil-common-lists.tex)) (/usr/share/texmf-dist/tex/generic/pgfplots/util/pgfplotsutil.code.tex (/usr/share/texmf-dist/tex/generic/pgfplots/liststructure/pgfplotsliststructure.code.tex) (/usr/share/texmf-dist/tex/generic/pgfplots/liststructure/pgfplotsliststructureext.code.tex) (/usr/share/texmf-dist/tex/generic/pgfplots/liststructure/pgfplotsarray.code.tex
\c@pgfplotsarray@tmp=\count285
) (/usr/share/texmf-dist/tex/generic/pgfplots/liststructure/pgfplotsmatrix.code.tex) (/usr/share/texmf-dist/tex/generic/pgfplots/numtable/pgfplotstableshared.code.tex
\c@pgfplotstable@counta=\count286
\t@pgfplotstable@a=\toks36
) (/usr/share/texmf-dist/tex/generic/pgfplots/liststructure/pgfplotsdeque.code.tex) (/usr/share/texmf-dist/tex/generic/pgfplots/util/pgfplotsbinary.code.tex (/usr/share/texmf-dist/tex/generic/pgfplots/util/pgfplotsbinary.data.code.tex)) (/usr/share/texmf-dist/tex/generic/pgfplots/util/pgfplotsutil.verb.code.tex) (/usr/share/texmf-dist/tex/generic/pgfplots/libs/pgflibrarypgfplots.surfshading.code.tex
\c@pgfplotslibrarysurf@no=\count287
 (/usr/share/texmf-dist/tex/generic/pgfplots/sys/pgflibrarypgfplots.surfshading.pgfsys-pdftex.def))) (/usr/share/texmf-dist/tex/generic/pgfplots/util/pgfplotscolormap.code.tex (/usr/share/texmf-dist/tex/generic/pgfplots/util/pgfplotscolor.code.tex)) (/usr/share/texmf-dist/tex/generic/pgfplots/pgfplotsstackedplots.code.tex) (/usr/share/texmf-dist/tex/generic/pgfplots/pgfplotsplothandlers.code.tex (/usr/share/texmf-dist/tex/generic/pgfplots/pgfplotsmeshplothandler.code.tex (/usr/share/texmf-dist/tex/generic/pgfplots/pgfplotsmeshplotimage.code.tex))) (/usr/share/texmf-dist/tex/generic/pgfplots/pgfplots.scaling.code.tex) (/usr/share/texmf-dist/tex/generic/pgfplots/pgfplotscoordprocessing.code.tex) (/usr/share/texmf-dist/tex/generic/pgfplots/pgfplots.errorbars.code.tex) (/usr/share/texmf-dist/tex/generic/pgfplots/pgfplots.markers.code.tex) (/usr/share/texmf-dist/tex/generic/pgfplots/pgfplotsticks.code.tex) (/usr/share/texmf-dist/tex/generic/pgfplots/pgfplots.paths.code.tex) (/usr/share/texmf-dist/tex/generic/pgf/frontendlayer/tikz/libraries/tikzlibrarydecorations.code.tex (/usr/share/texmf-dist/tex/generic/pgf/modules/pgfmoduledecorations.code.tex
\pgfdecoratedcompleteddistance=\dimen258
\pgfdecoratedremainingdistance=\dimen259
\pgfdecoratedinputsegmentcompleteddistance=\dimen260
\pgfdecoratedinputsegmentremainingdistance=\dimen261
\pgf@decorate@distancetomove=\dimen262
\pgf@decorate@repeatstate=\count288
\pgfdecorationsegmentamplitude=\dimen263
\pgfdecorationsegmentlength=\dimen264
)
\tikz@lib@dec@box=\box62
) (/usr/share/texmf-dist/tex/generic/pgf/frontendlayer/tikz/libraries/tikzlibrarydecorations.pathmorphing.code.tex (/usr/share/texmf-dist/tex/generic/pgf/libraries/decorations/pgflibrarydecorations.pathmorphing.code.tex)) (/usr/share/texmf-dist/tex/generic/pgf/frontendlayer/tikz/libraries/tikzlibrarydecorations.pathreplacing.code.tex (/usr/share/texmf-dist/tex/generic/pgf/libraries/decorations/pgflibrarydecorations.pathreplacing.code.tex)) (/usr/share/texmf-dist/tex/generic/pgfplots/libs/tikzlibrarypgfplots.contourlua.code.tex)
\pgfplots@numplots=\count289
\pgfplots@xmin@reg=\dimen265
\pgfplots@xmax@reg=\dimen266
\pgfplots@ymin@reg=\dimen267
\pgfplots@ymax@reg=\dimen268
\pgfplots@zmin@reg=\dimen269
\pgfplots@zmax@reg=\dimen270
) (/usr/share/texmf-dist/tex/generic/pgf/frontendlayer/tikz/libraries/tikzlibraryplotmarks.code.tex
File: tikzlibraryplotmarks.code.tex 2023-01-15 v3.1.10 (3.1.10)
 (/usr/share/texmf-dist/tex/generic/pgf/libraries/pgflibraryplotmarks.code.tex
File: pgflibraryplotmarks.code.tex 2023-01-15 v3.1.10 (3.1.10)
))) (/usr/share/texmf-dist/tex/generic/pgfplots/libs/tikzlibrarypgfplots.dateplot.code.tex (/usr/share/texmf-dist/tex/latex/pgf/utilities/pgfcalendar.sty (/usr/share/texmf-dist/tex/generic/pgf/utilities/pgfcalendar.code.tex
File: pgfcalendar.code.tex 2023-01-15 v3.1.10 (3.1.10)
\pgfcalendarcurrentjulian=\count290
\pgf@cal@easter@Y=\count291
\pgf@cal@easter@G=\count292
\pgf@cal@easter@C=\count293
\pgf@cal@easter@X=\count294
\pgf@cal@easter@Z=\count295
\pgf@cal@easter@D=\count296
\pgf@cal@easter@E=\count297
\pgf@cal@easter@N=\count298
\pgf@cal@easter@M=\count299
\pgf@cal@easter@julianday=\count300
))) (/usr/share/texmf-dist/tex/generic/pgfplots/libs/tikzlibrarypgfplots.units.code.tex) (/usr/share/texmf-dist/tex/generic/pgf/frontendlayer/tikz/libraries/tikzlibraryarrows.code.tex
File: tikzlibraryarrows.code.tex 2023-01-15 v3.1.10 (3.1.10)
 (/usr/share/texmf-dist/tex/generic/pgf/libraries/pgflibraryarrows.code.tex
File: pgflibraryarrows.code.tex 2023-01-15 v3.1.10 (3.1.10)
\arrowsize=\dimen271
)) (/usr/share/texmf-dist/tex/generic/pgf/frontendlayer/tikz/libraries/tikzlibrarypositioning.code.tex
File: tikzlibrarypositioning.code.tex 2023-01-15 v3.1.10 (3.1.10)
) (/usr/share/texmf-dist/tex/generic/pgf/frontendlayer/tikz/libraries/tikzlibrarycalc.code.tex
File: tikzlibrarycalc.code.tex 2023-01-15 v3.1.10 (3.1.10)
) (/usr/share/texmf-dist/tex/latex/l3backend/l3backend-pdftex.def
File: l3backend-pdftex.def 2023-01-16 L3 backend support: PDF output (pdfTeX)
\l__color_backend_stack_int=\count301
\l__pdf_internal_box=\box63
) (./workload.aux)
\openout1 = `workload.aux'.

LaTeX Font Info:    Checking defaults for OML/cmm/m/it on input line 22.
LaTeX Font Info:    ... okay on input line 22.
LaTeX Font Info:    Checking defaults for OMS/cmsy/m/n on input line 22.
LaTeX Font Info:    ... okay on input line 22.
LaTeX Font Info:    Checking defaults for OT1/cmr/m/n on input line 22.
LaTeX Font Info:    ... okay on input line 22.
LaTeX Font Info:    Checking defaults for T1/cmr/m/n on input line 22.
LaTeX Font Info:    ... okay on input line 22.
LaTeX Font Info:    Checking defaults for TS1/cmr/m/n on input line 22.
LaTeX Font Info:    ... okay on input line 22.
LaTeX Font Info:    Checking defaults for OMX/cmex/m/n on input line 22.
LaTeX Font Info:    ... okay on input line 22.
LaTeX Font Info:    Checking defaults for U/cmr/m/n on input line 22.
LaTeX Font Info:    ... okay on input line 22.

*geometry* driver: auto-detecting
*geometry* detected driver: pdftex
*geometry* verbose mode - [ preamble ] result:
* driver: pdftex
* paper: custom
* layout: <same size as paper>
* layoutoffset:(h,v)=(0.0pt,0.0pt)
* modes: includehead includefoot 
* h-part:(L,W,R)=(28.45274pt, 938.94096pt, 28.45274pt)
* v-part:(T,H,B)=(28.45274pt, 1365.7323pt, 28.45274pt)
* \paperwidth=995.84645pt
* \paperheight=1422.63779pt
* \textwidth=938.94096pt
* \textheight=1269.7323pt
* \oddsidemargin=-43.81725pt
* \evensidemargin=-43.81725pt
* \topmargin=-43.81725pt
* \headheight=66.0pt
* \headsep=0.0pt
* \topskip=12.0pt
* \footskip=30.0pt
* \marginparwidth=0.0pt
* \marginparsep=10.0pt
* \columnsep=10.0pt
* \skip\footins=10.8pt plus 4.0pt minus 2.0pt
* \hoffset=0.0pt
* \voffset=0.0pt
* \mag=1000
* \@twocolumnfalse
* \@twosidefalse
* \@mparswitchfalse
* \@reversemarginfalse
* (1in=72.27pt=25.4mm, 1cm=28.453pt)

(/usr/share/texmf-dist/tex/context/base/mkii/supp-pdf.mkii
[Loading MPS to PDF converter (version 2006.09.02).]
\scratchcounter=\count302
\scratchdimen=\dimen272
\scratchbox=\box64
\nofMPsegments=\count303
\nofMParguments=\count304
\everyMPshowfont=\toks37
\MPscratchCnt=\count305
\MPscratchDim=\dimen273
\MPnumerator=\count306
\makeMPintoPDFobject=\count307
\everyMPtoPDFconversion=\toks38
) (/usr/share/texmf-dist/tex/latex/epstopdf-pkg/epstopdf-base.sty
Package: epstopdf-base 2020-01-24 v2.11 Base part for package epstopdf
Package epstopdf-base Info: Redefining graphics rule for `.eps' on input line 485.
 (/usr/share/texmf-dist/tex/latex/latexconfig/epstopdf-sys.cfg
File: epstopdf-sys.cfg 2010/07/13 v1.3 Configuration of (r)epstopdf for TeX Live
))
Package pgfplots notification 'compat/show suggested version=true': document has been generated with the most recent feature set (\pgfplotsset{compat=1.18}).

Package pgfplots info on input line 68: Using 'lua backend=false' for axis: x coord trafo unsupported.

/home/brewerc/workload_jinja/workload.tex:85: Package pgfplots Error: Sorry, the requested column number '2' in table '<inline_table>' does not exist!? Please verify you used the correct index 0 <= i < N..

See the pgfplots package documentation for explanation.
Type  H <return>  for immediate help.
 ...                                              
                                                  
l.85     };
           ^^M
This error message was generated by an \errmessage
command, so I can't give any explicit help.
Pretend that you're Hercule Poirot: Examine all clues,
and deduce the truth by order and method.


/home/brewerc/workload_jinja/workload.tex:85: Package pgfplots Error: Sorry, the input coordinate `JMA' has not been defined with 'symbolic x coords={JMA ERM ADMIN}... Maybe it has been misspelled? Or did you mean something like [normalized]JMA?.

See the pgfplots package documentation for explanation.
Type  H <return>  for immediate help.
 ...                                              
                                                  
l.85     };
           ^^M
(That was another \errmessage.)

NOTE: coordinate (JMA,) has been dropped because of a coordinate filter. (see also unbounded coords=jump). 

/home/brewerc/workload_jinja/workload.tex:85: Package pgfplots Error: Sorry, the requested column number '2' in table '<inline_table>' does not exist!? Please verify you used the correct index 0 <= i < N..

See the pgfplots package documentation for explanation.
Type  H <return>  for immediate help.
 ...                                              
                                                  
l.85     };
           ^^M
(That was another \errmessage.)


/home/brewerc/workload_jinja/workload.tex:85: Package pgfplots Error: Sorry, the input coordinate `15' has not been defined with 'symbolic x coords={JMA ERM ADMIN}... Maybe it has been misspelled? Or did you mean something like [normalized]15?.

See the pgfplots package documentation for explanation.
Type  H <return>  for immediate help.
 ...                                              
                                                  
l.85     };
           ^^M
(That was another \errmessage.)

NOTE: coordinate (15,) has been dropped because of a coordinate filter. (see also unbounded coords=jump). 

/home/brewerc/workload_jinja/workload.tex:85: Package pgfplots Error: Sorry, the requested column number '2' in table '<inline_table>' does not exist!? Please verify you used the correct index 0 <= i < N..

See the pgfplots package documentation for explanation.
Type  H <return>  for immediate help.
 ...                                              
                                                  
l.85     };
           ^^M
(That was another \errmessage.)


/home/brewerc/workload_jinja/workload.tex:85: Package pgfplots Error: Sorry, the input coordinate `15' has not been defined with 'symbolic x coords={JMA ERM ADMIN}... Maybe it has been misspelled? Or did you mean something like [normalized]15?.

See the pgfplots package documentation for explanation.
Type  H <return>  for immediate help.
 ...                                              
                                                  
l.85     };
           ^^M
(That was another \errmessage.)

NOTE: coordinate (15,) has been dropped because of a coordinate filter. (see also unbounded coords=jump). 

/home/brewerc/workload_jinja/workload.tex:85: Package pgfplots Error: Sorry, the requested column number '2' in table '<inline_table>' does not exist!? Please verify you used the correct index 0 <= i < N..

See the pgfplots package documentation for explanation.
Type  H <return>  for immediate help.
 ...                                              
                                                  
l.85     };
           ^^M
(That was another \errmessage.)


/home/brewerc/workload_jinja/workload.tex:85: Package pgfplots Error: Sorry, the input coordinate `10' has not been defined with 'symbolic x coords={JMA ERM ADMIN}... Maybe it has been misspelled? Or did you mean something like [normalized]10?.

See the pgfplots package documentation for explanation.
Type  H <return>  for immediate help.
 ...                                              
                                                  
l.85     };
           ^^M
(That was another \errmessage.)

NOTE: coordinate (10,) has been dropped because of a coordinate filter. (see also unbounded coords=jump). 

/home/brewerc/workload_jinja/workload.tex:85: Package pgfplots Error: Sorry, the requested column number '2' in table '<inline_table>' does not exist!? Please verify you used the correct index 0 <= i < N..

See the pgfplots package documentation for explanation.
Type  H <return>  for immediate help.
 ...                                              
                                                  
l.85     };
           ^^M
(That was another \errmessage.)


/home/brewerc/workload_jinja/workload.tex:85: Package pgfplots Error: Sorry, the input coordinate `ERM' has not been defined with 'symbolic x coords={JMA ERM ADMIN}... Maybe it has been misspelled? Or did you mean something like [normalized]ERM?.

See the pgfplots package documentation for explanation.
Type  H <return>  for immediate help.
 ...                                              
                                                  
l.85     };
           ^^M
(That was another \errmessage.)

NOTE: coordinate (ERM,) has been dropped because of a coordinate filter. (see also unbounded coords=jump). 

/home/brewerc/workload_jinja/workload.tex:85: Package pgfplots Error: Sorry, the requested column number '2' in table '<inline_table>' does not exist!? Please verify you used the correct index 0 <= i < N..

See the pgfplots package documentation for explanation.
Type  H <return>  for immediate help.
 ...                                              
                                                  
l.85     };
           ^^M
(That was another \errmessage.)


/home/brewerc/workload_jinja/workload.tex:85: Package pgfplots Error: Sorry, the input coordinate `15' has not been defined with 'symbolic x coords={JMA ERM ADMIN}... Maybe it has been misspelled? Or did you mean something like [normalized]15?.

See the pgfplots package documentation for explanation.
Type  H <return>  for immediate help.
 ...                                              
                                                  
l.85     };
           ^^M
(That was another \errmessage.)

NOTE: coordinate (15,) has been dropped because of a coordinate filter. (see also unbounded coords=jump). 

/home/brewerc/workload_jinja/workload.tex:85: Package pgfplots Error: Sorry, the requested column number '2' in table '<inline_table>' does not exist!? Please verify you used the correct index 0 <= i < N..

See the pgfplots package documentation for explanation.
Type  H <return>  for immediate help.
 ...                                              
                                                  
l.85     };
           ^^M
(That was another \errmessage.)


/home/brewerc/workload_jinja/workload.tex:85: Package pgfplots Error: Sorry, the input coordinate `15' has not been defined with 'symbolic x coords={JMA ERM ADMIN}... Maybe it has been misspelled? Or did you mean something like [normalized]15?.

See the pgfplots package documentation for explanation.
Type  H <return>  for immediate help.
 ...                                              
                                                  
l.85     };
           ^^M
(That was another \errmessage.)

NOTE: coordinate (15,) has been dropped because of a coordinate filter. (see also unbounded coords=jump). 

/home/brewerc/workload_jinja/workload.tex:85: Package pgfplots Error: Sorry, the requested column number '2' in table '<inline_table>' does not exist!? Please verify you used the correct index 0 <= i < N..

See the pgfplots package documentation for explanation.
Type  H <return>  for immediate help.
 ...                                              
                                                  
l.85     };
           ^^M
(That was another \errmessage.)


/home/brewerc/workload_jinja/workload.tex:85: Package pgfplots Error: Sorry, the input coordinate `10' has not been defined with 'symbolic x coords={JMA ERM ADMIN}... Maybe it has been misspelled? Or did you mean something like [normalized]10?.

See the pgfplots package documentation for explanation.
Type  H <return>  for immediate help.
 ...                                              
                                                  
l.85     };
           ^^M
(That was another \errmessage.)

NOTE: coordinate (10,) has been dropped because of a coordinate filter. (see also unbounded coords=jump). 

/home/brewerc/workload_jinja/workload.tex:85: Package pgfplots Error: Sorry, the requested column number '2' in table '<inline_table>' does not exist!? Please verify you used the correct index 0 <= i < N..

See the pgfplots package documentation for explanation.
Type  H <return>  for immediate help.
 ...                                              
                                                  
l.85     };
           ^^M
(That was another \errmessage.)


/home/brewerc/workload_jinja/workload.tex:85: Package pgfplots Error: Sorry, the input coordinate `ADMIN' has not been defined with 'symbolic x coords={JMA ERM ADMIN}... Maybe it has been misspelled? Or did you mean something like [normalized]ADMIN?.

See the pgfplots package documentation for explanation.
Type  H <return>  for immediate help.
 ...                                              
                                                  
l.85     };
           ^^M
(That was another \errmessage.)

NOTE: coordinate (ADMIN,) has been dropped because of a coordinate filter. (see also unbounded coords=jump). 

/home/brewerc/workload_jinja/workload.tex:85: Package pgfplots Error: Sorry, the requested column number '2' in table '<inline_table>' does not exist!? Please verify you used the correct index 0 <= i < N..

See the pgfplots package documentation for explanation.
Type  H <return>  for immediate help.
 ...                                              
                                                  
l.85     };
           ^^M
(That was another \errmessage.)


/home/brewerc/workload_jinja/workload.tex:85: Package pgfplots Error: Sorry, the input coordinate `15' has not been defined with 'symbolic x coords={JMA ERM ADMIN}... Maybe it has been misspelled? Or did you mean something like [normalized]15?.

See the pgfplots package documentation for explanation.
Type  H <return>  for immediate help.
 ...                                              
                                                  
l.85     };
           ^^M
(That was another \errmessage.)

NOTE: coordinate (15,) has been dropped because of a coordinate filter. (see also unbounded coords=jump). 

/home/brewerc/workload_jinja/workload.tex:85: Package pgfplots Error: Sorry, the requested column number '2' in table '<inline_table>' does not exist!? Please verify you used the correct index 0 <= i < N..

See the pgfplots package documentation for explanation.
Type  H <return>  for immediate help.
 ...                                              
                                                  
l.85     };
           ^^M
(That was another \errmessage.)


/home/brewerc/workload_jinja/workload.tex:85: Package pgfplots Error: Sorry, the input coordinate `15' has not been defined with 'symbolic x coords={JMA ERM ADMIN}... Maybe it has been misspelled? Or did you mean something like [normalized]15?.

See the pgfplots package documentation for explanation.
Type  H <return>  for immediate help.
 ...                                              
                                                  
l.85     };
           ^^M
(That was another \errmessage.)

NOTE: coordinate (15,) has been dropped because of a coordinate filter. (see also unbounded coords=jump). 

/home/brewerc/workload_jinja/workload.tex:85: Package pgfplots Error: Sorry, the requested column number '2' in table '<inline_table>' does not exist!? Please verify you used the correct index 0 <= i < N..

See the pgfplots package documentation for explanation.
Type  H <return>  for immediate help.
 ...                                              
                                                  
l.85     };
           ^^M
(That was another \errmessage.)


/home/brewerc/workload_jinja/workload.tex:85: Package pgfplots Error: Sorry, the input coordinate `10' has not been defined with 'symbolic x coords={JMA ERM ADMIN}... Maybe it has been misspelled? Or did you mean something like [normalized]10?.

See the pgfplots package documentation for explanation.
Type  H <return>  for immediate help.
 ...                                              
                                                  
l.85     };
           ^^M
(That was another \errmessage.)

NOTE: coordinate (10,) has been dropped because of a coordinate filter. (see also unbounded coords=jump). 

/home/brewerc/workload_jinja/workload.tex:85: Package pgfplots Error: Sorry, the requested column number '2' in table '<inline_table>' does not exist!? Please verify you used the correct index 0 <= i < N..

See the pgfplots package documentation for explanation.
Type  H <return>  for immediate help.
 ...                                              
                                                  
l.85     };
           ^^M
(That was another \errmessage.)


/home/brewerc/workload_jinja/workload.tex:85: Package pgfplots Error: Sorry, the input coordinate `0' has not been defined with 'symbolic x coords={JMA ERM ADMIN}... Maybe it has been misspelled? Or did you mean something like [normalized]0?.

See the pgfplots package documentation for explanation.
Type  H <return>  for immediate help.
 ...                                              
                                                  
l.85     };
           ^^M
(That was another \errmessage.)

NOTE: coordinate (0,) has been dropped because of a coordinate filter. (see also unbounded coords=jump). 

Package pgfplots Warning: the current plot has no coordinates (or all have been filtered away) on input line 85.

 [warning /pgfplots/warning/plot without coordinates]

Package pgfplots Warning: You have an axis with empty range (in direction y). Replacing it with a default range and clearing all plots. on input line 87.

 [warning /pgfplots/warning/empty range cleared axis]

Overfull \hbox (14.93604pt too wide) in paragraph at lines 87--87
 [][]\OT1/cmss/m/n/12 JMA 
 []


Overfull \hbox (16.22072pt too wide) in paragraph at lines 87--87
 \OT1/cmss/m/n/12 ERM 
 []


Overfull \hbox (11.5958pt too wide) in paragraph at lines 87--87
 \OT1/cmss/m/n/12 AD- 
 []


Overfull \hbox (13.08885pt too wide) in paragraph at lines 87--87
 \OT1/cmss/m/n/12 MIN 
 []


Overfull \hbox (14.93604pt too wide) in paragraph at lines 87--87
 [][]\OT1/cmss/m/n/12 JMA 
 []


Overfull \hbox (16.22072pt too wide) in paragraph at lines 87--87
 \OT1/cmss/m/n/12 ERM 
 []


Overfull \hbox (11.5958pt too wide) in paragraph at lines 87--87
 \OT1/cmss/m/n/12 AD- 
 []


Overfull \hbox (13.08885pt too wide) in paragraph at lines 87--87
 \OT1/cmss/m/n/12 MIN 
 []


Overfull \hbox (14.93604pt too wide) in paragraph at lines 87--87
 [][]\OT1/cmss/m/n/12 JMA 
 []


Overfull \hbox (16.22072pt too wide) in paragraph at lines 87--87
 \OT1/cmss/m/n/12 ERM 
 []


Overfull \hbox (11.5958pt too wide) in paragraph at lines 87--87
 \OT1/cmss/m/n/12 AD- 
 []


Overfull \hbox (13.08885pt too wide) in paragraph at lines 87--87
 \OT1/cmss/m/n/12 MIN 
 []


Overfull \hbox (14.93604pt too wide) in paragraph at lines 87--87
 [][]\OT1/cmss/m/n/12 JMA 
 []


Overfull \hbox (16.22072pt too wide) in paragraph at lines 87--87
 \OT1/cmss/m/n/12 ERM 
 []


Overfull \hbox (11.5958pt too wide) in paragraph at lines 87--87
 \OT1/cmss/m/n/12 AD- 
 []


Overfull \hbox (13.08885pt too wide) in paragraph at lines 87--87
 \OT1/cmss/m/n/12 MIN 
 []


Overfull \hbox (14.93604pt too wide) in paragraph at lines 87--87
 [][]\OT1/cmss/m/n/12 JMA 
 []


Overfull \hbox (16.22072pt too wide) in paragraph at lines 87--87
 \OT1/cmss/m/n/12 ERM 
 []


Overfull \hbox (11.5958pt too wide) in paragraph at lines 87--87
 \OT1/cmss/m/n/12 AD- 
 []


Overfull \hbox (13.08885pt too wide) in paragraph at lines 87--87
 \OT1/cmss/m/n/12 MIN 
 []


Overfull \hbox (14.93604pt too wide) in paragraph at lines 87--87
 [][]\OT1/cmss/m/n/12 JMA 
 []


Overfull \hbox (16.22072pt too wide) in paragraph at lines 87--87
 \OT1/cmss/m/n/12 ERM 
 []


Overfull \hbox (11.5958pt too wide) in paragraph at lines 87--87
 \OT1/cmss/m/n/12 AD- 
 []


Overfull \hbox (13.08885pt too wide) in paragraph at lines 87--87
 \OT1/cmss/m/n/12 MIN 
 []


Overfull \hbox (14.93604pt too wide) in paragraph at lines 87--87
 [][]\OT1/cmss/m/n/12 JMA 
 []


Overfull \hbox (16.22072pt too wide) in paragraph at lines 87--87
 \OT1/cmss/m/n/12 ERM 
 []


Overfull \hbox (11.5958pt too wide) in paragraph at lines 87--87
 \OT1/cmss/m/n/12 AD- 
 []


Overfull \hbox (13.08885pt too wide) in paragraph at lines 87--87
 \OT1/cmss/m/n/12 MIN 
 []


Overfull \hbox (14.93604pt too wide) in paragraph at lines 87--87
 [][]\OT1/cmss/m/n/12 JMA 
 []


Overfull \hbox (16.22072pt too wide) in paragraph at lines 87--87
 \OT1/cmss/m/n/12 ERM 
 []


Overfull \hbox (11.5958pt too wide) in paragraph at lines 87--87
 \OT1/cmss/m/n/12 AD- 
 []


Overfull \hbox (13.08885pt too wide) in paragraph at lines 87--87
 \OT1/cmss/m/n/12 MIN 
 []


Overfull \hbox (14.93604pt too wide) in paragraph at lines 87--87
 [][]\OT1/cmss/m/n/12 JMA 
 []


Overfull \hbox (16.22072pt too wide) in paragraph at lines 87--87
 \OT1/cmss/m/n/12 ERM 
 []


Overfull \hbox (11.5958pt too wide) in paragraph at lines 87--87
 \OT1/cmss/m/n/12 AD- 
 []


Overfull \hbox (13.08885pt too wide) in paragraph at lines 87--87
 \OT1/cmss/m/n/12 MIN 
 []


Overfull \hbox (14.93604pt too wide) in paragraph at lines 87--87
 [][]\OT1/cmss/m/n/12 JMA 
 []


Overfull \hbox (16.22072pt too wide) in paragraph at lines 87--87
 \OT1/cmss/m/n/12 ERM 
 []


Overfull \hbox (11.5958pt too wide) in paragraph at lines 87--87
 \OT1/cmss/m/n/12 AD- 
 []


Overfull \hbox (13.08885pt too wide) in paragraph at lines 87--87
 \OT1/cmss/m/n/12 MIN 
 []


Overfull \hbox (14.93604pt too wide) in paragraph at lines 87--87
 [][]\OT1/cmss/m/n/12 JMA 
 []


Overfull \hbox (16.22072pt too wide) in paragraph at lines 87--87
 \OT1/cmss/m/n/12 ERM 
 []


Overfull \hbox (11.5958pt too wide) in paragraph at lines 87--87
 \OT1/cmss/m/n/12 AD- 
 []


Overfull \hbox (13.08885pt too wide) in paragraph at lines 87--87
 \OT1/cmss/m/n/12 MIN 
 []


Overfull \hbox (14.93604pt too wide) in paragraph at lines 87--87
 [][]\OT1/cmss/m/n/12 JMA 
 []


Overfull \hbox (16.22072pt too wide) in paragraph at lines 87--87
 \OT1/cmss/m/n/12 ERM 
 []


Overfull \hbox (11.5958pt too wide) in paragraph at lines 87--87
 \OT1/cmss/m/n/12 AD- 
 []


Overfull \hbox (13.08885pt too wide) in paragraph at lines 87--87
 \OT1/cmss/m/n/12 MIN 
 []


Overfull \hbox (14.93604pt too wide) in paragraph at lines 87--87
 [][]\OT1/cmss/m/n/12 JMA 
 []


Overfull \hbox (16.22072pt too wide) in paragraph at lines 87--87
 \OT1/cmss/m/n/12 ERM 
 []


Overfull \hbox (11.5958pt too wide) in paragraph at lines 87--87
 \OT1/cmss/m/n/12 AD- 
 []


Overfull \hbox (13.08885pt too wide) in paragraph at lines 87--87
 \OT1/cmss/m/n/12 MIN 
 []

LaTeX Font Info:    External font `cmex10' loaded for size
(Font)              <12> on input line 87.
LaTeX Font Info:    External font `cmex10' loaded for size
(Font)              <8> on input line 87.
LaTeX Font Info:    External font `cmex10' loaded for size
(Font)              <6> on input line 87.

Underfull \hbox (badness 1019) in paragraph at lines 87--87
 [][]$\OT1/cmr/m/n/12 0$
 []


Underfull \hbox (badness 1019) in paragraph at lines 87--87
 [][]$\OT1/cmr/m/n/12 1$
 []

[1

{/var/lib/texmf/fonts/map/pdftex/updmap/pdftex.map}]

/home/brewerc/workload_jinja/workload.tex:96: LaTeX Error: Environment axis undefined.

See the LaTeX manual or LaTeX Companion for explanation.
Type  H <return>  for immediate help.
 ...                                              
                                                  
l.96 \begin{axis}
                 
Your command was ignored.
Type  I <command> <return>  to replace it with another command,
or  <return>  to continue without it.

/home/brewerc/workload_jinja/workload.tex:101: Illegal unit of measure (pt inserted).
<to be read again> 
                   h
l.101     h
           eight=0.15\textheight,
Dimensions can be in units of em, ex, in, pt, pc,
cm, mm, dd, cc, nd, nc, bp, or sp; but yours is a new one!
I'll assume that you meant to say pt, for printer's points.
To recover gracefully from this error, it's best to
delete the erroneous units; e.g., type `2' to delete
two letters. (See Chapter 27 of The TeXbook.)

/home/brewerc/workload_jinja/workload.tex:102: Illegal unit of measure (pt inserted).
<to be read again> 
                   u
l.102     u
           se units,
Dimensions can be in units of em, ex, in, pt, pc,
cm, mm, dd, cc, nd, nc, bp, or sp; but yours is a new one!
I'll assume that you meant to say pt, for printer's points.
To recover gracefully from this error, it's best to
delete the erroneous units; e.g., type `2' to delete
two letters. (See Chapter 27 of The TeXbook.)


Overfull \hbox (73.9736pt too wide) in paragraph at lines 97--132
\OT1/cmss/m/n/12 align=center, xtick dis-tance=0.1, yt-ick dis-tance=, x tick la-bel style =font=,text width=0.3cm,anchor=north,rotate=0,align=center, y tick la-bel style =font=,text width=2cm,anchor=east,rotate=0,align=right,
 []

/home/brewerc/workload_jinja/workload.tex:133: Undefined control sequence.
l.133     \addplot
                    + table [x={x},y={y},meta index=2,col sep=semicolon] {
The control sequence at the end of the top line
of your error message was never \def'ed. If you have
misspelled it (e.g., `\hobx'), type `I' and the correct
spelling (e.g., `I\hbox'). Otherwise just continue,
and I'll forget about whatever was undefined.


/home/brewerc/workload_jinja/workload.tex:150: LaTeX Error: \begin{document} ended by \end{axis}.

See the LaTeX manual or LaTeX Companion for explanation.
Type  H <return>  for immediate help.
 ...                                              
                                                  
l.150 \end{axis}
                
Your command was ignored.
Type  I <command> <return>  to replace it with another command,
or  <return>  to continue without it.

/home/brewerc/workload_jinja/workload.tex:151: Undefined control sequence.
\endtikzpicture ...r@layerlist@globally \endscope 
                                                  \let \pgf@baseline =\pgf@s...
l.151 \end{tikzpicture}
                       
The control sequence at the end of the top line
of your error message was never \def'ed. If you have
misspelled it (e.g., `\hobx'), type `I' and the correct
spelling (e.g., `I\hbox'). Otherwise just continue,
and I'll forget about whatever was undefined.

/home/brewerc/workload_jinja/workload.tex:151: Extra \endgroup.
\endpgfpicture ...er@layerlist@globally \endgroup 
                                                  \hss \egroup \pgf@restore@...
l.151 \end{tikzpicture}
                       
Things are pretty mixed up, but I think the worst is over.

/home/brewerc/workload_jinja/workload.tex:151: Too many }'s.
\endpgfpicture ...globally \endgroup \hss \egroup 
                                                  \pgf@restore@layerlist@fro...
l.151 \end{tikzpicture}
                       
You've closed more groups than you opened.
Such booboos are generally harmless, so keep going.

/home/brewerc/workload_jinja/workload.tex:151: Extra \endgroup.
\endpgfpicture ...bal \pgf@insertlayers \endgroup 
                                                  \pgfsys@discardpath \endgr...
l.151 \end{tikzpicture}
                       
Things are pretty mixed up, but I think the worst is over.

/home/brewerc/workload_jinja/workload.tex:151: Extra \endgroup.
\endpgfpicture ...p \pgfsys@discardpath \endgroup 
                                                  \pgfsys@endscope \pgfsys@e...
l.151 \end{tikzpicture}
                       
Things are pretty mixed up, but I think the worst is over.

/home/brewerc/workload_jinja/workload.tex:151: Extra \endgroup.
\endpgfpicture ...pe \pgfsys@endpicture \endgroup 
                                                  \hss \egroup \pgfsys@types...
l.151 \end{tikzpicture}
                       
Things are pretty mixed up, but I think the worst is over.

/home/brewerc/workload_jinja/workload.tex:151: Too many }'s.
\endpgfpicture ...dpicture \endgroup \hss \egroup 
                                                  \pgfsys@typesetpicturebox ...
l.151 \end{tikzpicture}
                       
You've closed more groups than you opened.
Such booboos are generally harmless, so keep going.

/home/brewerc/workload_jinja/workload.tex:151: Extra \endgroup.
\endpgfpicture ...setpicturebox \pgfpic \endgroup 
                                                  
l.151 \end{tikzpicture}
                       
Things are pretty mixed up, but I think the worst is over.

/home/brewerc/workload_jinja/workload.tex:151: Extra \endgroup.
\endtikzpicture ...lobal \endpgfpicture \endgroup 
                                                  
l.151 \end{tikzpicture}
                       
Things are pretty mixed up, but I think the worst is over.


/home/brewerc/workload_jinja/workload.tex:151: LaTeX Error: \begin{document} ended by \end{tikzpicture}.

See the LaTeX manual or LaTeX Companion for explanation.
Type  H <return>  for immediate help.
 ...                                              
                                                  
l.151 \end{tikzpicture}
                       
Your command was ignored.
Type  I <command> <return>  to replace it with another command,
or  <return>  to continue without it.

/home/brewerc/workload_jinja/workload.tex:151: Extra \endgroup.
<recently read> \endgroup 
                          
l.151 \end{tikzpicture}
                       
Things are pretty mixed up, but I think the worst is over.

/home/brewerc/workload_jinja/workload.tex:152: Infinite glue shrinkage found in a paragraph.
<argument> ...hskip:D \c_zero_dim \fi: \tex_par:D 
                                                  \hook_use:n {para/after}\@...
l.152 \end{minipage}
                    
The paragraph just ended includes some glue that has
infinite shrinkability, e.g., `\hskip 0pt minus 1fil'.
Such glue doesn't belong there---it allows a paragraph
of any length to fit on one line. But it's safe to proceed,
since the offensive shrinkability has been made finite.

/home/brewerc/workload_jinja/workload.tex:152: Extra \endgroup.
\color@endgroup ->\endgraf \endgroup 
                                     
l.152 \end{minipage}
                    
Things are pretty mixed up, but I think the worst is over.

/home/brewerc/workload_jinja/workload.tex:152: Too many }'s.
\endminipage ...pagefalse \color@endgroup \egroup 
                                                  \expandafter \@iiiparbox \...
l.152 \end{minipage}
                    
You've closed more groups than you opened.
Such booboos are generally harmless, so keep going.

/home/brewerc/workload_jinja/workload.tex:152: Undefined control sequence.
\endminipage ...\expandafter \@iiiparbox \@mpargs 
                                                  {\unvbox \@tempboxa }
l.152 \end{minipage}
                    
The control sequence at the end of the top line
of your error message was never \def'ed. If you have
misspelled it (e.g., `\hobx'), type `I' and the correct
spelling (e.g., `I\hbox'). Otherwise just continue,
and I'll forget about whatever was undefined.

Runaway argument?
{
/home/brewerc/workload_jinja/workload.tex:196: Paragraph ended before \setlength was complete.
<to be read again> 
                   \par 
l.196     \addplot
                    + table [x={x},y={y},meta index=2,col sep=semicolon] {
I suspect you've forgotten a `}', causing me to apply this
control sequence to too much text. How can we recover?
My plan is to forget the whole thing and hope for the best.

/home/brewerc/workload_jinja/workload.tex:196: Too many }'s.
\@iiiparbox ...xswfalse \setlength \@tempdima {#4}
                                                  \@begin@tempboxa \vbox {\h...
l.196     \addplot
                    + table [x={x},y={y},meta index=2,col sep=semicolon] {
You've closed more groups than you opened.
Such booboos are generally harmless, so keep going.

/home/brewerc/workload_jinja/workload.tex:196: Undefined control sequence.
<argument> ...\@tempdima \@parboxrestore \addplot 
                                                  \@@par 
l.196     \addplot
                    + table [x={x},y={y},meta index=2,col sep=semicolon] {
The control sequence at the end of the top line
of your error message was never \def'ed. If you have
misspelled it (e.g., `\hobx'), type `I' and the correct
spelling (e.g., `I\hbox'). Otherwise just continue,
and I'll forget about whatever was undefined.

Runaway argument?
{\@checkend {minipage}\expandafter \endgroup \if@endpe \@doendpe \fi \ETC.
/home/brewerc/workload_jinja/workload.tex:196: Paragraph ended before \setlength was complete.
<to be read again> 
                   \par 
l.196     \addplot
                    + table [x={x},y={y},meta index=2,col sep=semicolon] {
I suspect you've forgotten a `}', causing me to apply this
control sequence to too much text. How can we recover?
My plan is to forget the whole thing and hope for the best.

[2]

/home/brewerc/workload_jinja/workload.tex:196: LaTeX Error: Environment axis undefined.

See the LaTeX manual or LaTeX Companion for explanation.
Type  H <return>  for immediate help.
 ...                                              
                                                  
l.196     \addplot
                    + table [x={x},y={y},meta index=2,col sep=semicolon] {
Your command was ignored.
Type  I <command> <return>  to replace it with another command,
or  <return>  to continue without it.

/home/brewerc/workload_jinja/workload.tex:196: Extra }, or forgotten \endgroup.
\@iiiparbox ... #2\else \setlength \@tempdimb {#2}
                                                  \edef \@parboxto {to\the \...
l.196     \addplot
                    + table [x={x},y={y},meta index=2,col sep=semicolon] {
I've deleted a group-closing symbol because it seems to be
spurious, as in `$x}$'. But perhaps the } is legitimate and
you forgot something else, as in `\hbox{$x}'. In such cases
the way to recover is to insert both the forgotten and the
deleted material, e.g., by typing `I$}'.

/home/brewerc/workload_jinja/workload.tex:196: Missing \endcsname inserted.
<to be read again> 
                   \linewidth 
l.196     \addplot
                    + table [x={x},y={y},meta index=2,col sep=semicolon] {
The control sequence marked <to be read again> should
not appear between \csname and \endcsname.

/home/brewerc/workload_jinja/workload.tex:196: Illegal unit of measure (pt inserted).
<to be read again> 
                   h
l.196     \addplot
                    + table [x={x},y={y},meta index=2,col sep=semicolon] {
Dimensions can be in units of em, ex, in, pt, pc,
cm, mm, dd, cc, nd, nc, bp, or sp; but yours is a new one!
I'll assume that you meant to say pt, for printer's points.
To recover gracefully from this error, it's best to
delete the erroneous units; e.g., type `2' to delete
two letters. (See Chapter 27 of The TeXbook.)

/home/brewerc/workload_jinja/workload.tex:196: Illegal unit of measure (pt inserted).
<to be read again> 
                   u
l.196     \addplot
                    + table [x={x},y={y},meta index=2,col sep=semicolon] {
Dimensions can be in units of em, ex, in, pt, pc,
cm, mm, dd, cc, nd, nc, bp, or sp; but yours is a new one!
I'll assume that you meant to say pt, for printer's points.
To recover gracefully from this error, it's best to
delete the erroneous units; e.g., type `2' to delete
two letters. (See Chapter 27 of The TeXbook.)

/home/brewerc/workload_jinja/workload.tex:196: You can't use `\/' in internal vertical mode.
\fix@penalty ...m \lastpenalty =\z@ \@@italiccorr 
                                                  \else \count@ \lastpenalty...
l.196     \addplot
                    + table [x={x},y={y},meta index=2,col sep=semicolon] {
Sorry, but I'm not programmed to handle this case;
I'll just pretend that you didn't ask for it.
If you're in the wrong mode, you might be able to
return to the right one by typing `I}' or `I$' or `I\par'.

/home/brewerc/workload_jinja/workload.tex:196: You can't use `\/' in internal vertical mode.
\fix@penalty ...m \lastpenalty =\z@ \@@italiccorr 
                                                  \else \count@ \lastpenalty...
l.196     \addplot
                    + table [x={x},y={y},meta index=2,col sep=semicolon] {
Sorry, but I'm not programmed to handle this case;
I'll just pretend that you didn't ask for it.
If you're in the wrong mode, you might be able to
return to the right one by typing `I}' or `I$' or `I\par'.

/home/brewerc/workload_jinja/workload.tex:196: You can't use `\/' in internal vertical mode.
\fix@penalty ...m \lastpenalty =\z@ \@@italiccorr 
                                                  \else \count@ \lastpenalty...
l.196     \addplot
                    + table [x={x},y={y},meta index=2,col sep=semicolon] {
Sorry, but I'm not programmed to handle this case;
I'll just pretend that you didn't ask for it.
If you're in the wrong mode, you might be able to
return to the right one by typing `I}' or `I$' or `I\par'.

/home/brewerc/workload_jinja/workload.tex:196: Extra \endcsname.
\@iiiparbox ...ox \unvbox \csname bm@#3\endcsname 
                                                  }\if@pboxsw \m@th $\fi \@e...
l.196     \addplot
                    + table [x={x},y={y},meta index=2,col sep=semicolon] {
I'm ignoring this, since I wasn't doing a \csname.


Overfull \vbox (84.0pt too high) detected at line 196
 []


Overfull \hbox (32.7913pt too wide) in paragraph at lines 196--212
[]\OT1/cmss/m/n/12 b[]+
 []


/home/brewerc/workload_jinja/workload.tex:213: LaTeX Error: \begin{document} ended by \end{axis}.

See the LaTeX manual or LaTeX Companion for explanation.
Type  H <return>  for immediate help.
 ...                                              
                                                  
l.213 \end{axis}
                
Your command was ignored.
Type  I <command> <return>  to replace it with another command,
or  <return>  to continue without it.

/home/brewerc/workload_jinja/workload.tex:214: Undefined control sequence.
\endtikzpicture ...r@layerlist@globally \endscope 
                                                  \let \pgf@baseline =\pgf@s...
l.214 \end{tikzpicture}
                       
The control sequence at the end of the top line
of your error message was never \def'ed. If you have
misspelled it (e.g., `\hobx'), type `I' and the correct
spelling (e.g., `I\hbox'). Otherwise just continue,
and I'll forget about whatever was undefined.

/home/brewerc/workload_jinja/workload.tex:214: Extra \endgroup.
\endpgfpicture ...er@layerlist@globally \endgroup 
                                                  \hss \egroup \pgf@restore@...
l.214 \end{tikzpicture}
                       
Things are pretty mixed up, but I think the worst is over.

/home/brewerc/workload_jinja/workload.tex:214: Too many }'s.
\endpgfpicture ...globally \endgroup \hss \egroup 
                                                  \pgf@restore@layerlist@fro...
l.214 \end{tikzpicture}
                       
You've closed more groups than you opened.
Such booboos are generally harmless, so keep going.

/home/brewerc/workload_jinja/workload.tex:214: Extra \endgroup.
\endpgfpicture ...bal \pgf@insertlayers \endgroup 
                                                  \pgfsys@discardpath \endgr...
l.214 \end{tikzpicture}
                       
Things are pretty mixed up, but I think the worst is over.

/home/brewerc/workload_jinja/workload.tex:214: Extra \endgroup.
\endpgfpicture ...p \pgfsys@discardpath \endgroup 
                                                  \pgfsys@endscope \pgfsys@e...
l.214 \end{tikzpicture}
                       
Things are pretty mixed up, but I think the worst is over.

/home/brewerc/workload_jinja/workload.tex:214: Extra \endgroup.
\endpgfpicture ...pe \pgfsys@endpicture \endgroup 
                                                  \hss \egroup \pgfsys@types...
l.214 \end{tikzpicture}
                       
Things are pretty mixed up, but I think the worst is over.

/home/brewerc/workload_jinja/workload.tex:214: Too many }'s.
\endpgfpicture ...dpicture \endgroup \hss \egroup 
                                                  \pgfsys@typesetpicturebox ...
l.214 \end{tikzpicture}
                       
You've closed more groups than you opened.
Such booboos are generally harmless, so keep going.

/home/brewerc/workload_jinja/workload.tex:214: Extra \endgroup.
\endpgfpicture ...setpicturebox \pgfpic \endgroup 
                                                  
l.214 \end{tikzpicture}
                       
Things are pretty mixed up, but I think the worst is over.

/home/brewerc/workload_jinja/workload.tex:214: Extra \endgroup.
\endtikzpicture ...lobal \endpgfpicture \endgroup 
                                                  
l.214 \end{tikzpicture}
                       
Things are pretty mixed up, but I think the worst is over.


/home/brewerc/workload_jinja/workload.tex:214: LaTeX Error: \begin{document} ended by \end{tikzpicture}.

See the LaTeX manual or LaTeX Companion for explanation.
Type  H <return>  for immediate help.
 ...                                              
                                                  
l.214 \end{tikzpicture}
                       
Your command was ignored.
Type  I <command> <return>  to replace it with another command,
or  <return>  to continue without it.

/home/brewerc/workload_jinja/workload.tex:214: Extra \endgroup.
<recently read> \endgroup 
                          
l.214 \end{tikzpicture}
                       
Things are pretty mixed up, but I think the worst is over.

/home/brewerc/workload_jinja/workload.tex:215: Infinite glue shrinkage found in a paragraph.
<argument> ...hskip:D \c_zero_dim \fi: \tex_par:D 
                                                  \hook_use:n {para/after}\@...
l.215 \end{minipage}
                    
The paragraph just ended includes some glue that has
infinite shrinkability, e.g., `\hskip 0pt minus 1fil'.
Such glue doesn't belong there---it allows a paragraph
of any length to fit on one line. But it's safe to proceed,
since the offensive shrinkability has been made finite.

/home/brewerc/workload_jinja/workload.tex:215: Extra \endgroup.
\color@endgroup ->\endgraf \endgroup 
                                     
l.215 \end{minipage}
                    
Things are pretty mixed up, but I think the worst is over.

/home/brewerc/workload_jinja/workload.tex:215: Too many }'s.
\endminipage ...pagefalse \color@endgroup \egroup 
                                                  \expandafter \@iiiparbox \...
l.215 \end{minipage}
                    
You've closed more groups than you opened.
Such booboos are generally harmless, so keep going.

/home/brewerc/workload_jinja/workload.tex:215: Undefined control sequence.
\endminipage ...\expandafter \@iiiparbox \@mpargs 
                                                  {\unvbox \@tempboxa }
l.215 \end{minipage}
                    
The control sequence at the end of the top line
of your error message was never \def'ed. If you have
misspelled it (e.g., `\hobx'), type `I' and the correct
spelling (e.g., `I\hbox'). Otherwise just continue,
and I'll forget about whatever was undefined.

)
Runaway argument?
\@checkend {minipage}\expandafter \endgroup \if@endpe \@doendpe \fi \UseHook \ETC.
! File ended while scanning use of \@iiiparbox.
<inserted text> 
                \par 
<*> /home/brewerc/workload_jinja/workload.tex
                                             
I suspect you have forgotten a `}', causing me
to read past where you wanted me to stop.
I'll try to recover; but if the error is serious,
you'd better type `E' or `X' now and fix your file.

! Emergency stop.
<*> /home/brewerc/workload_jinja/workload.tex
                                             
*** (job aborted, no legal \end found)

 
Here is how much of TeX's memory you used:
 23902 strings out of 476025
 635959 string characters out of 5796532
 1862388 words of memory out of 5000000
 44006 multiletter control sequences out of 15000+600000
 515624 words of font info for 43 fonts, out of 8000000 for 9000
 1141 hyphenation exceptions out of 8191
 99i,11n,103p,770b,2129s stack positions out of 5000i,500n,10000p,200000b,80000s
!  ==> Fatal error occurred, no output PDF file produced!
